Copyright 1986-2020 Xilinx, Inc. All Rights Reserved.
------------------------------------------------------------------------------------
| Tool Version : Vivado v.2020.1 (lin64) Build 2902540 Wed May 27 19:54:35 MDT 2020
| Date         : Wed May  4 15:54:08 2022
| Host         : ubuntu88 running 64-bit Ubuntu 20.04.4 LTS
| Command      : upgrade_ip
| Device       : xcu280-fsvh2892-2L-e
------------------------------------------------------------------------------------

Upgrade Log for IP 'fpmul'

1. Summary
----------

SUCCESS in the upgrade of fpmul (xilinx.com:ip:floating_point:7.1) from (Rev. 5) to (Rev. 10)






Copyright 1986-2020 Xilinx, Inc. All Rights Reserved.
------------------------------------------------------------------------------------
| Tool Version : Vivado v.2020.1 (lin64) Build 2902540 Wed May 27 19:54:35 MDT 2020
| Date         : Wed May  4 15:54:06 2022
| Host         : ubuntu88 running 64-bit Ubuntu 20.04.4 LTS
| Command      : upgrade_ip
| Device       : xcu280-fsvh2892-2L-e
------------------------------------------------------------------------------------

Upgrade Log for IP 'fpacc'

1. Summary
----------

SUCCESS in the upgrade of fpacc (xilinx.com:ip:floating_point:7.1) from (Rev. 5) to (Rev. 10)

